<?xml version="1.0" encoding="UTF-8"?>
<!-- Generated by org.testng.reporters.JUnitXMLReporter -->
<testsuite ignored="0" hostname="TVDI-014" failures="0" tests="8" name="Surefire test" time="15.479" errors="0" timestamp="2023-06-29T09:52:51 IST">
  <testcase classname="org.tests.StoreTest" name="testCreateUser" time="4.851"/>
  <testcase classname="org.tests.StoreTest" name="testReadUserAfterUpdate" time="1.314"/>
  <testcase classname="org.tests.StoreTest" name="testDeleteUser" time="2.439"/>
  <testcase classname="org.tests.UserTest" name="testCreateUser" time="1.339"/>
  <testcase classname="org.tests.UserTest" name="testReadUser" time="1.285"/>
  <testcase classname="org.tests.UserTest" name="testUpdateUser" time="1.282"/>
  <testcase classname="org.tests.UserTest" name="testReadUserAfterUpdate" time="1.339"/>
  <testcase classname="org.tests.UserTest" name="testDeleteUser" time="1.262"/>
</testsuite> <!-- Surefire test -->
