<?xml version="1.0" encoding="UTF-8"?>
<!-- Generated by org.testng.reporters.JUnitXMLReporter -->
<testsuite ignored="0" hostname="TVDI-014" failures="0" tests="5" name="Default test" time="11.383" errors="0" timestamp="2023-06-01T12:50:07 IST">
  <testcase classname="org.tests.UserTest" name="testCreateUser" time="5.271"/>
  <testcase classname="org.tests.UserTest" name="testReadUser" time="1.22"/>
  <testcase classname="org.tests.UserTest" name="testUpdateUser" time="1.199"/>
  <testcase classname="org.tests.UserTest" name="testReadUserAfterUpdate" time="2.106"/>
  <testcase classname="org.tests.UserTest" name="testDeleteUser" time="1.2"/>
</testsuite> <!-- Default test -->
