<?xml version="1.0" encoding="UTF-8"?>
<!-- Generated by org.testng.reporters.JUnitXMLReporter -->
<testsuite ignored="0" hostname="TVDI-014" failures="0" tests="3" name="Default test" time="8.627" errors="0" timestamp="2023-05-31T12:23:34 IST">
  <testcase classname="org.tests.StoreTest" name="testCreateUser" time="4.395"/>
  <testcase classname="org.tests.StoreTest" name="testReadUserAfterUpdate" time="1.304"/>
  <testcase classname="org.tests.StoreTest" name="testDeleteUser" time="2.751"/>
</testsuite> <!-- Default test -->
