<?xml version="1.0" encoding="UTF-8"?>
<testng-results ignored="0" total="8" passed="8" failed="0" skipped="0">
  <reporter-output>
  </reporter-output>
  <suite started-at="2023-06-29T09:52:36 IST" name="Surefire suite" finished-at="2023-06-29T09:52:51 IST" duration-ms="15479">
    <groups>
    </groups>
    <test started-at="2023-06-29T09:52:36 IST" name="Surefire test" finished-at="2023-06-29T09:52:51 IST" duration-ms="15479">
      <class name="org.tests.UserTest">
        <test-method is-config="true" signature="setUpData()[pri:0, instance:org.tests.UserTest@4ef37659]" started-at="2023-06-29T09:52:45 IST" name="setUpData" finished-at="2023-06-29T09:52:45 IST" duration-ms="220" status="PASS">
          <reporter-output>
          </reporter-output>
        </test-method> <!-- setUpData -->
        <test-method signature="testCreateUser()[pri:1, instance:org.tests.UserTest@4ef37659]" started-at="2023-06-29T09:52:45 IST" name="testCreateUser" finished-at="2023-06-29T09:52:46 IST" duration-ms="1339" status="PASS">
          <reporter-output>
          </reporter-output>
        </test-method> <!-- testCreateUser -->
        <test-method signature="testReadUser()[pri:2, instance:org.tests.UserTest@4ef37659]" started-at="2023-06-29T09:52:46 IST" name="testReadUser" finished-at="2023-06-29T09:52:48 IST" duration-ms="1285" status="PASS">
          <reporter-output>
          </reporter-output>
        </test-method> <!-- testReadUser -->
        <test-method signature="testUpdateUser()[pri:3, instance:org.tests.UserTest@4ef37659]" started-at="2023-06-29T09:52:48 IST" name="testUpdateUser" finished-at="2023-06-29T09:52:49 IST" duration-ms="1282" status="PASS">
          <reporter-output>
          </reporter-output>
        </test-method> <!-- testUpdateUser -->
        <test-method signature="testReadUserAfterUpdate()[pri:4, instance:org.tests.UserTest@4ef37659]" started-at="2023-06-29T09:52:49 IST" name="testReadUserAfterUpdate" finished-at="2023-06-29T09:52:50 IST" duration-ms="1339" status="PASS">
          <reporter-output>
          </reporter-output>
        </test-method> <!-- testReadUserAfterUpdate -->
        <test-method signature="testDeleteUser()[pri:5, instance:org.tests.UserTest@4ef37659]" started-at="2023-06-29T09:52:50 IST" name="testDeleteUser" finished-at="2023-06-29T09:52:51 IST" duration-ms="1262" status="PASS">
          <reporter-output>
          </reporter-output>
        </test-method> <!-- testDeleteUser -->
      </class> <!-- org.tests.UserTest -->
      <class name="org.tests.StoreTest">
        <test-method is-config="true" signature="setUpData()[pri:0, instance:org.tests.StoreTest@f381794]" started-at="2023-06-29T09:52:36 IST" name="setUpData" finished-at="2023-06-29T09:52:36 IST" duration-ms="75" status="PASS">
          <reporter-output>
          </reporter-output>
        </test-method> <!-- setUpData -->
        <test-method signature="testCreateUser()[pri:1, instance:org.tests.StoreTest@f381794]" started-at="2023-06-29T09:52:36 IST" name="testCreateUser" finished-at="2023-06-29T09:52:41 IST" duration-ms="4851" status="PASS">
          <reporter-output>
          </reporter-output>
        </test-method> <!-- testCreateUser -->
        <test-method signature="testReadUserAfterUpdate()[pri:2, instance:org.tests.StoreTest@f381794]" started-at="2023-06-29T09:52:41 IST" name="testReadUserAfterUpdate" finished-at="2023-06-29T09:52:42 IST" duration-ms="1314" status="PASS">
          <reporter-output>
          </reporter-output>
        </test-method> <!-- testReadUserAfterUpdate -->
        <test-method signature="testDeleteUser()[pri:3, instance:org.tests.StoreTest@f381794]" started-at="2023-06-29T09:52:42 IST" name="testDeleteUser" finished-at="2023-06-29T09:52:45 IST" duration-ms="2439" status="PASS">
          <reporter-output>
          </reporter-output>
        </test-method> <!-- testDeleteUser -->
      </class> <!-- org.tests.StoreTest -->
    </test> <!-- Surefire test -->
  </suite> <!-- Surefire suite -->
</testng-results>
