<?xml version="1.0" encoding="UTF-8"?>
<testng-results ignored="0" total="5" passed="5" failed="0" skipped="0">
  <reporter-output>
  </reporter-output>
  <suite started-at="2023-06-29T09:41:08 IST" name="Default suite" finished-at="2023-06-29T09:41:23 IST" duration-ms="15160">
    <groups>
    </groups>
    <test started-at="2023-06-29T09:41:08 IST" name="Default test" finished-at="2023-06-29T09:41:23 IST" duration-ms="15160">
      <class name="org.tests.UserTest">
        <test-method is-config="true" signature="setUpData()[pri:0, instance:org.tests.UserTest@48aca48b]" started-at="2023-06-29T09:41:08 IST" name="setUpData" finished-at="2023-06-29T09:41:10 IST" duration-ms="1678" status="PASS">
          <reporter-output>
          </reporter-output>
        </test-method> <!-- setUpData -->
        <test-method signature="testCreateUser()[pri:1, instance:org.tests.UserTest@48aca48b]" started-at="2023-06-29T09:41:10 IST" name="testCreateUser" finished-at="2023-06-29T09:41:18 IST" duration-ms="8486" status="PASS">
          <reporter-output>
          </reporter-output>
        </test-method> <!-- testCreateUser -->
        <test-method signature="testReadUser()[pri:2, instance:org.tests.UserTest@48aca48b]" started-at="2023-06-29T09:41:18 IST" name="testReadUser" finished-at="2023-06-29T09:41:19 IST" duration-ms="1258" status="PASS">
          <reporter-output>
          </reporter-output>
        </test-method> <!-- testReadUser -->
        <test-method signature="testUpdateUser()[pri:3, instance:org.tests.UserTest@48aca48b]" started-at="2023-06-29T09:41:19 IST" name="testUpdateUser" finished-at="2023-06-29T09:41:21 IST" duration-ms="1164" status="PASS">
          <reporter-output>
          </reporter-output>
        </test-method> <!-- testUpdateUser -->
        <test-method signature="testReadUserAfterUpdate()[pri:4, instance:org.tests.UserTest@48aca48b]" started-at="2023-06-29T09:41:21 IST" name="testReadUserAfterUpdate" finished-at="2023-06-29T09:41:22 IST" duration-ms="1245" status="PASS">
          <reporter-output>
          </reporter-output>
        </test-method> <!-- testReadUserAfterUpdate -->
        <test-method signature="testDeleteUser()[pri:5, instance:org.tests.UserTest@48aca48b]" started-at="2023-06-29T09:41:22 IST" name="testDeleteUser" finished-at="2023-06-29T09:41:23 IST" duration-ms="1225" status="PASS">
          <reporter-output>
          </reporter-output>
        </test-method> <!-- testDeleteUser -->
      </class> <!-- org.tests.UserTest -->
    </test> <!-- Default test -->
  </suite> <!-- Default suite -->
</testng-results>
