<?xml version="1.0" encoding="UTF-8"?>
<testng-results ignored="0" total="3" passed="3" failed="0" skipped="0">
  <reporter-output>
  </reporter-output>
  <suite started-at="2023-05-31T12:23:25 IST" name="Default suite" finished-at="2023-05-31T12:23:34 IST" duration-ms="8627">
    <groups>
    </groups>
    <test started-at="2023-05-31T12:23:25 IST" name="Default test" finished-at="2023-05-31T12:23:34 IST" duration-ms="8627">
      <class name="org.tests.StoreTest">
        <test-method is-config="true" signature="setUpData()[pri:0, instance:org.tests.StoreTest@55634720]" started-at="2023-05-31T12:23:25 IST" name="setUpData" finished-at="2023-05-31T12:23:25 IST" duration-ms="82" status="PASS">
          <reporter-output>
          </reporter-output>
        </test-method> <!-- setUpData -->
        <test-method signature="testCreateUser()[pri:1, instance:org.tests.StoreTest@55634720]" started-at="2023-05-31T12:23:25 IST" name="testCreateUser" finished-at="2023-05-31T12:23:30 IST" duration-ms="4395" status="PASS">
          <reporter-output>
          </reporter-output>
        </test-method> <!-- testCreateUser -->
        <test-method signature="testReadUserAfterUpdate()[pri:2, instance:org.tests.StoreTest@55634720]" started-at="2023-05-31T12:23:30 IST" name="testReadUserAfterUpdate" finished-at="2023-05-31T12:23:31 IST" duration-ms="1304" status="PASS">
          <reporter-output>
          </reporter-output>
        </test-method> <!-- testReadUserAfterUpdate -->
        <test-method signature="testDeleteUser()[pri:3, instance:org.tests.StoreTest@55634720]" started-at="2023-05-31T12:23:31 IST" name="testDeleteUser" finished-at="2023-05-31T12:23:34 IST" duration-ms="2751" status="PASS">
          <reporter-output>
          </reporter-output>
        </test-method> <!-- testDeleteUser -->
      </class> <!-- org.tests.StoreTest -->
    </test> <!-- Default test -->
  </suite> <!-- Default suite -->
</testng-results>
